TN:
SF:controllers/order.js
FN:5,(anonymous_0)
FN:10,(anonymous_1)
FN:23,(anonymous_2)
FN:38,(anonymous_3)
FN:50,(anonymous_4)
FN:61,(anonymous_5)
FN:71,(anonymous_6)
FN:99,(anonymous_7)
FN:109,(anonymous_8)
FNF:9
FNH:9
FNDA:17,(anonymous_0)
FNDA:4,(anonymous_1)
FNDA:3,(anonymous_2)
FNDA:2,(anonymous_3)
FNDA:2,(anonymous_4)
FNDA:2,(anonymous_5)
FNDA:3,(anonymous_6)
FNDA:2,(anonymous_7)
FNDA:6,(anonymous_8)
DA:1,1
DA:6,17
DA:7,17
DA:11,4
DA:12,4
DA:14,3
DA:15,2
DA:17,2
DA:19,2
DA:24,3
DA:25,3
DA:26,2
DA:28,2
DA:29,1
DA:31,1
DA:32,1
DA:34,1
DA:39,2
DA:40,2
DA:41,2
DA:42,1
DA:46,1
DA:51,2
DA:52,2
DA:53,1
DA:54,1
DA:55,1
DA:57,1
DA:62,2
DA:63,2
DA:64,1
DA:65,1
DA:67,1
DA:72,3
DA:73,3
DA:76,2
DA:78,2
DA:79,1
DA:82,1
DA:85,1
DA:88,1
DA:90,1
DA:92,1
DA:95,1
DA:101,2
DA:103,2
DA:104,3
DA:107,3
DA:109,3
DA:110,6
DA:111,6
DA:116,2
DA:121,1
LF:53
LH:53
BRDA:28,0,0,1
BRDA:28,0,1,1
BRDA:78,1,0,1
BRDA:78,1,1,1
BRF:4
BRH:4
end_of_record
TN:
SF:repositories/order.js
FN:6,(anonymous_0)
FN:11,(anonymous_1)
FN:18,(anonymous_2)
FN:22,(anonymous_3)
FN:26,(anonymous_4)
FN:27,(anonymous_5)
FN:30,(anonymous_6)
FN:42,(anonymous_7)
FN:43,(anonymous_8)
FN:59,(anonymous_9)
FN:60,(anonymous_10)
FN:70,(anonymous_11)
FN:71,(anonymous_12)
FN:77,(anonymous_13)
FN:80,(anonymous_14)
FN:81,(anonymous_15)
FN:90,(anonymous_16)
FN:91,(anonymous_17)
FN:97,(anonymous_18)
FNF:19
FNH:19
FNDA:11,(anonymous_0)
FNDA:11,(anonymous_1)
FNDA:3,(anonymous_2)
FNDA:1,(anonymous_3)
FNDA:2,(anonymous_4)
FNDA:3,(anonymous_5)
FNDA:2,(anonymous_6)
FNDA:2,(anonymous_7)
FNDA:3,(anonymous_8)
FNDA:2,(anonymous_9)
FNDA:4,(anonymous_10)
FNDA:1,(anonymous_11)
FNDA:2,(anonymous_12)
FNDA:1,(anonymous_13)
FNDA:2,(anonymous_14)
FNDA:2,(anonymous_15)
FNDA:1,(anonymous_16)
FNDA:3,(anonymous_17)
FNDA:1,(anonymous_18)
DA:1,1
DA:2,1
DA:3,1
DA:7,11
DA:8,11
DA:13,11
DA:14,11
DA:19,3
DA:23,1
DA:27,3
DA:31,2
DA:32,2
DA:33,1
DA:36,1
DA:37,1
DA:38,1
DA:39,1
DA:43,3
DA:44,2
DA:45,1
DA:48,1
DA:49,1
DA:50,0
DA:53,1
DA:54,1
DA:55,1
DA:56,1
DA:60,4
DA:61,2
DA:62,1
DA:65,1
DA:66,1
DA:67,1
DA:71,1
DA:72,2
DA:73,2
DA:78,1
DA:80,1
DA:81,2
DA:82,2
DA:83,3
DA:87,1
DA:91,1
DA:92,3
DA:93,3
DA:98,1
DA:102,1
LF:47
LH:46
BRDA:14,0,0,11
BRDA:14,0,1,0
BRDA:27,1,0,2
BRDA:27,1,1,1
BRDA:32,2,0,1
BRDA:32,2,1,1
BRDA:44,3,0,1
BRDA:44,3,1,1
BRDA:49,4,0,0
BRDA:49,4,1,1
BRDA:61,5,0,1
BRDA:61,5,1,1
BRDA:73,6,0,2
BRDA:73,6,1,2
BRDA:92,7,0,3
BRDA:92,7,1,2
BRF:16
BRH:14
end_of_record
TN:
SF:repositories/product.js
FN:4,(anonymous_0)
FN:10,(anonymous_1)
FN:19,(anonymous_2)
FN:23,(anonymous_3)
FN:38,(anonymous_4)
FNF:5
FNH:5
FNDA:9,(anonymous_0)
FNDA:5,(anonymous_1)
FNDA:4,(anonymous_2)
FNDA:5,(anonymous_3)
FNDA:3,(anonymous_4)
DA:1,1
DA:6,9
DA:11,5
DA:12,5
DA:14,0
DA:20,4
DA:21,4
DA:22,4
DA:23,4
DA:24,5
DA:26,5
DA:27,4
DA:35,4
DA:39,3
DA:43,1
LF:15
LH:14
BRDA:26,0,0,4
BRDA:26,0,1,1
BRDA:39,1,0,3
BRDA:39,1,1,1
BRF:4
BRH:4
end_of_record
TN:
SF:repositories/productData.js
FNF:0
FNH:0
DA:1,6
DA:2,6
DA:4,6
DA:6,6
DA:7,6
DA:9,6
DA:10,5
DA:13,5
DA:14,5
DA:17,5
DA:23,0
DA:27,6
LF:12
LH:11
BRDA:9,0,0,5
BRDA:9,0,1,1
BRDA:13,1,0,5
BRDA:13,1,1,0
BRDA:18,2,0,5
BRDA:18,2,1,1
BRF:6
BRH:5
end_of_record
TN:
SF:utils/orderValidator.js
FN:7,(anonymous_0)
FN:35,(anonymous_1)
FN:52,(anonymous_2)
FN:59,(anonymous_3)
FN:65,(anonymous_4)
FN:72,(anonymous_5)
FN:80,(anonymous_6)
FNF:7
FNH:7
FNDA:7,(anonymous_0)
FNDA:9,(anonymous_1)
FNDA:8,(anonymous_2)
FNDA:6,(anonymous_3)
FNDA:14,(anonymous_4)
FNDA:3,(anonymous_5)
FNDA:3,(anonymous_6)
DA:2,3
DA:4,3
DA:8,7
DA:9,2
DA:12,5
DA:13,5
DA:14,1
DA:17,4
DA:18,4
DA:19,1
DA:22,3
DA:23,3
DA:24,1
DA:27,2
DA:28,2
DA:29,1
DA:32,1
DA:36,9
DA:37,2
DA:40,7
DA:41,7
DA:42,1
DA:44,6
DA:45,1
DA:49,5
DA:53,8
DA:54,3
DA:56,5
DA:60,6
DA:61,1
DA:64,5
DA:65,14
DA:66,2
DA:69,3
DA:73,3
DA:74,3
DA:75,1
DA:77,2
DA:81,3
DA:82,1
DA:85,2
DA:86,2
DA:88,2
DA:89,1
DA:92,1
DA:96,3
LF:46
LH:46
BRDA:8,0,0,2
BRDA:8,0,1,5
BRDA:8,1,0,7
BRDA:8,1,1,6
BRDA:13,2,0,1
BRDA:13,2,1,4
BRDA:18,3,0,1
BRDA:18,3,1,3
BRDA:23,4,0,1
BRDA:23,4,1,2
BRDA:28,5,0,1
BRDA:28,5,1,1
BRDA:36,6,0,2
BRDA:36,6,1,7
BRDA:36,7,0,9
BRDA:36,7,1,9
BRDA:41,8,0,1
BRDA:41,8,1,6
BRDA:41,9,0,7
BRDA:41,9,1,7
BRDA:41,9,2,7
BRDA:44,10,0,1
BRDA:44,10,1,5
BRDA:44,11,0,6
BRDA:44,11,1,6
BRDA:53,12,0,3
BRDA:53,12,1,5
BRDA:53,13,0,8
BRDA:53,13,1,7
BRDA:60,14,0,1
BRDA:60,14,1,5
BRDA:60,15,0,6
BRDA:60,15,1,5
BRDA:65,16,0,2
BRDA:65,16,1,3
BRDA:65,17,0,14
BRDA:65,17,1,13
BRDA:74,18,0,1
BRDA:74,18,1,2
BRDA:81,19,0,1
BRDA:81,19,1,2
BRDA:81,20,0,3
BRDA:81,20,1,2
BRDA:88,21,0,1
BRDA:88,21,1,1
BRDA:88,22,0,2
BRDA:88,22,1,1
BRF:47
BRH:47
end_of_record
